[debug] [2018-08-31T15:28:40.723Z] ----------------------------------------------------------------------
[debug] [2018-08-31T15:28:40.725Z] Command:       /usr/local/bin/node /Users/alicia/.npm-global/bin/firebase deploy
[debug] [2018-08-31T15:28:40.725Z] CLI Version:   4.1.1
[debug] [2018-08-31T15:28:40.725Z] Platform:      darwin
[debug] [2018-08-31T15:28:40.725Z] Node Version:  v10.8.0
[debug] [2018-08-31T15:28:40.726Z] Time:          Fri Aug 31 2018 11:28:40 GMT-0400 (Eastern Daylight Time)
[debug] [2018-08-31T15:28:40.726Z] ----------------------------------------------------------------------
[debug] 
[debug] [2018-08-31T15:28:40.734Z] > command requires scopes: ["email","openid","https://www.googleapis.com/auth/cloudplatformprojects.readonly","https://www.googleapis.com/auth/firebase","https://www.googleapis.com/auth/cloud-platform"]
[debug] [2018-08-31T15:28:40.735Z] > authorizing via signed-in user
[debug] [2018-08-31T15:28:40.736Z] > refreshing access token with scopes: ["email","https://www.googleapis.com/auth/cloud-platform","https://www.googleapis.com/auth/cloudplatformprojects.readonly","https://www.googleapis.com/auth/firebase","openid"]
[debug] [2018-08-31T15:28:40.737Z] >>> HTTP REQUEST POST https://www.googleapis.com/oauth2/v3/token  

[debug] [2018-08-31T15:28:40.922Z] <<< HTTP RESPONSE 200
[debug] [2018-08-31T15:28:40.939Z] >>> HTTP REQUEST GET https://admin.firebase.com/v1/projects/detroit-assistant-8b87a  
 
[debug] [2018-08-31T15:28:41.262Z] <<< HTTP RESPONSE 200
[debug] [2018-08-31T15:28:41.262Z] >>> HTTP REQUEST GET https://admin.firebase.com/v1/database/detroit-assistant-8b87a/tokens  
 
[debug] [2018-08-31T15:28:41.566Z] <<< HTTP RESPONSE 200
[info] 
[info] === Deploying to 'detroit-assistant-8b87a'...
[info] 
[info] i  deploying functions
[info] Running command: npm --prefix "$RESOURCE_DIR" run lint
[info] ✔  functions: Finished running predeploy script.
[debug] [2018-08-31T15:28:44.272Z] > [functions] package.json contents: {
  "name": "functions",
  "description": "Cloud Functions for Firebase",
  "version": "0.0.1",
  "license": "Apache Version 2.0",
  "author": "Google Inc.",
  "engines": {
    "node": "8"
  },
  "scripts": {
    "lint": "eslint .",
    "serve": "firebase serve --only functions",
    "shell": "firebase functions:shell",
    "start": "npm run shell",
    "deploy": "firebase deploy --only functions",
    "logs": "firebase functions:log"
  },
  "dependencies": {
    "@google-cloud/storage": "^1.7.0",
    "firebase-admin": "~6.0.0",
    "firebase-functions": "^2.0.3",
    "actions-on-google": "^2.2.0",
    "dialogflow": "^0.1.0",
    "dialogflow-fulfillment": "^0.4.1"
  },
  "devDependencies": {
    "eslint": "^4.12.0",
    "eslint-plugin-promise": "^3.6.0"
  },
  "private": true
}
[info] i  functions: ensuring necessary APIs are enabled...
[debug] [2018-08-31T15:28:44.273Z] >>> HTTP REQUEST GET https://servicemanagement.googleapis.com/v1/services/cloudfunctions.googleapis.com/projectSettings/detroit-assistant-8b87a?view=CONSUMER_VIEW  
 
[debug] [2018-08-31T15:28:44.273Z] >>> HTTP REQUEST GET https://servicemanagement.googleapis.com/v1/services/runtimeconfig.googleapis.com/projectSettings/detroit-assistant-8b87a?view=CONSUMER_VIEW  
 
[debug] [2018-08-31T15:28:45.263Z] <<< HTTP RESPONSE 200
[debug] [2018-08-31T15:28:45.296Z] <<< HTTP RESPONSE 200
[info] ✔  functions: all necessary APIs are enabled
[debug] [2018-08-31T15:28:45.297Z] >>> HTTP REQUEST GET https://cloudresourcemanager.googleapis.com/v1/projects/detroit-assistant-8b87a  
 
[debug] [2018-08-31T15:28:45.554Z] <<< HTTP RESPONSE 200
[debug] [2018-08-31T15:28:45.555Z] >>> HTTP REQUEST GET https://mobilesdk-pa.googleapis.com/v1/projects/734088752347:getServerAppConfig  
 
[debug] [2018-08-31T15:28:45.850Z] <<< HTTP RESPONSE 200
[info] i  functions: preparing functions directory for uploading...
[debug] [2018-08-31T15:28:45.857Z] >>> HTTP REQUEST GET https://runtimeconfig.googleapis.com/v1beta1/projects/detroit-assistant-8b87a/configs  
 
[debug] [2018-08-31T15:28:46.065Z] <<< HTTP RESPONSE 200
[info] i  functions: packaged functions (4.38 KB) for uploading
[debug] [2018-08-31T15:28:46.474Z] >>> HTTP REQUEST POST https://cloudfunctions.googleapis.com/v1/projects/detroit-assistant-8b87a/locations/us-central1/functions:generateUploadUrl  
 
[debug] [2018-08-31T15:28:46.780Z] <<< HTTP RESPONSE 200
[debug] [2018-08-31T15:28:46.780Z] >>> HTTP REQUEST PUT https://storage.googleapis.com/gcf-upload-us-central1-709e9571-fd6e-4879-a9a6-31521bc85548/dfa0373b-671e-4238-afe2-a4e86a54c2e5.zip?GoogleAccessId=service-734088752347@gcf-admin-robot.iam.gserviceaccount.com&Expires=1535731126&Signature=OWSfdy6XVqAdnpYK%2FjupwxoFdbC%2BZroz5xuSBDw5XOzTEJFpRwavbpqvbUoAGCaiTeTO7JwKS2xUXT5TpXwZ%2Fv437qBJ2FTEv7vEQqJw4qKY4cLa2GrmSJD8pwsp1r1Z6K%2BZLUfVN%2Bcvn6Rxgln6yh%2Fw1eLNJJ38N07xz2QzPaRitMN3871J09D1MguYAGHfmjZzPXcXHnj8ucBpIWEFcu5bocG%2Bdj7g%2FfgsC5tgzHh0iEvr3AhwoA68CKwKV%2BybpQzRikodRhEsY7O9BiwQNGfeGVpalaA4Im7pE6ZiCDtm21aX7cVXuOoBZlTo1pPc8bNtHZGo%2Fak883k7y6gn7w%3D%3D  

[debug] [2018-08-31T15:28:47.067Z] <<< HTTP RESPONSE 200
[info] ✔  functions: functions folder uploaded successfully
[debug] [2018-08-31T15:28:47.073Z] >>> HTTP REQUEST GET https://cloudfunctions.googleapis.com/v1/projects/detroit-assistant-8b87a/locations/-/functions  
 
[debug] [2018-08-31T15:28:47.546Z] <<< HTTP RESPONSE 200
[info] i  functions: updating Node.js 8 function dialogflowFirebaseFulfillment(us-central1)...
[debug] [2018-08-31T15:28:47.549Z] Trigger is:  {"httpsTrigger":{}}
[debug] [2018-08-31T15:28:47.550Z] >>> HTTP REQUEST PATCH https://cloudfunctions.googleapis.com/v1/projects/detroit-assistant-8b87a/locations/us-central1/functions/dialogflowFirebaseFulfillment 
query params: {"updateMask":"sourceUploadUrl,name,labels,runtime,httpsTrigger"} 

[debug] [2018-08-31T15:28:47.848Z] <<< HTTP RESPONSE 200
[debug] [2018-08-31T15:28:47.851Z] >>> HTTP REQUEST GET https://cloudfunctions.googleapis.com/v1/projects/detroit-assistant-8b87a/locations/-/functions  
 
[debug] [2018-08-31T15:28:48.158Z] <<< HTTP RESPONSE 200
[debug] [2018-08-31T15:28:48.159Z] >>> HTTP REQUEST GET https://cloudfunctions.googleapis.com/v1/operations/ZGV0cm9pdC1hc3Npc3RhbnQtOGI4N2EvdXMtY2VudHJhbDEvZGlhbG9nZmxvd0ZpcmViYXNlRnVsZmlsbG1lbnQvZndqdUx1aGhHMzg  
 
[debug] [2018-08-31T15:28:48.308Z] <<< HTTP RESPONSE 200
[debug] [2018-08-31T15:28:50.310Z] >>> HTTP REQUEST GET https://cloudfunctions.googleapis.com/v1/operations/ZGV0cm9pdC1hc3Npc3RhbnQtOGI4N2EvdXMtY2VudHJhbDEvZGlhbG9nZmxvd0ZpcmViYXNlRnVsZmlsbG1lbnQvZndqdUx1aGhHMzg  
 
[debug] [2018-08-31T15:28:50.502Z] <<< HTTP RESPONSE 200
[debug] [2018-08-31T15:28:52.506Z] >>> HTTP REQUEST GET https://cloudfunctions.googleapis.com/v1/operations/ZGV0cm9pdC1hc3Npc3RhbnQtOGI4N2EvdXMtY2VudHJhbDEvZGlhbG9nZmxvd0ZpcmViYXNlRnVsZmlsbG1lbnQvZndqdUx1aGhHMzg  
 
[debug] [2018-08-31T15:28:52.637Z] <<< HTTP RESPONSE 200
[debug] [2018-08-31T15:28:54.642Z] >>> HTTP REQUEST GET https://cloudfunctions.googleapis.com/v1/operations/ZGV0cm9pdC1hc3Npc3RhbnQtOGI4N2EvdXMtY2VudHJhbDEvZGlhbG9nZmxvd0ZpcmViYXNlRnVsZmlsbG1lbnQvZndqdUx1aGhHMzg  
 
[debug] [2018-08-31T15:28:54.784Z] <<< HTTP RESPONSE 200
[debug] [2018-08-31T15:28:56.790Z] >>> HTTP REQUEST GET https://cloudfunctions.googleapis.com/v1/operations/ZGV0cm9pdC1hc3Npc3RhbnQtOGI4N2EvdXMtY2VudHJhbDEvZGlhbG9nZmxvd0ZpcmViYXNlRnVsZmlsbG1lbnQvZndqdUx1aGhHMzg  
 
[debug] [2018-08-31T15:28:56.941Z] <<< HTTP RESPONSE 200
[debug] [2018-08-31T15:28:58.942Z] >>> HTTP REQUEST GET https://cloudfunctions.googleapis.com/v1/operations/ZGV0cm9pdC1hc3Npc3RhbnQtOGI4N2EvdXMtY2VudHJhbDEvZGlhbG9nZmxvd0ZpcmViYXNlRnVsZmlsbG1lbnQvZndqdUx1aGhHMzg  
 
[debug] [2018-08-31T15:28:59.082Z] <<< HTTP RESPONSE 200
[debug] [2018-08-31T15:29:01.087Z] >>> HTTP REQUEST GET https://cloudfunctions.googleapis.com/v1/operations/ZGV0cm9pdC1hc3Npc3RhbnQtOGI4N2EvdXMtY2VudHJhbDEvZGlhbG9nZmxvd0ZpcmViYXNlRnVsZmlsbG1lbnQvZndqdUx1aGhHMzg  
 
[debug] [2018-08-31T15:29:01.206Z] <<< HTTP RESPONSE 200
[debug] [2018-08-31T15:29:03.209Z] >>> HTTP REQUEST GET https://cloudfunctions.googleapis.com/v1/operations/ZGV0cm9pdC1hc3Npc3RhbnQtOGI4N2EvdXMtY2VudHJhbDEvZGlhbG9nZmxvd0ZpcmViYXNlRnVsZmlsbG1lbnQvZndqdUx1aGhHMzg  
 
[debug] [2018-08-31T15:29:03.346Z] <<< HTTP RESPONSE 200
[debug] [2018-08-31T15:29:05.349Z] >>> HTTP REQUEST GET https://cloudfunctions.googleapis.com/v1/operations/ZGV0cm9pdC1hc3Npc3RhbnQtOGI4N2EvdXMtY2VudHJhbDEvZGlhbG9nZmxvd0ZpcmViYXNlRnVsZmlsbG1lbnQvZndqdUx1aGhHMzg  
 
[debug] [2018-08-31T15:29:05.487Z] <<< HTTP RESPONSE 200
[debug] [2018-08-31T15:29:07.488Z] >>> HTTP REQUEST GET https://cloudfunctions.googleapis.com/v1/operations/ZGV0cm9pdC1hc3Npc3RhbnQtOGI4N2EvdXMtY2VudHJhbDEvZGlhbG9nZmxvd0ZpcmViYXNlRnVsZmlsbG1lbnQvZndqdUx1aGhHMzg  
 
[debug] [2018-08-31T15:29:07.628Z] <<< HTTP RESPONSE 200
[debug] [2018-08-31T15:29:09.629Z] >>> HTTP REQUEST GET https://cloudfunctions.googleapis.com/v1/operations/ZGV0cm9pdC1hc3Npc3RhbnQtOGI4N2EvdXMtY2VudHJhbDEvZGlhbG9nZmxvd0ZpcmViYXNlRnVsZmlsbG1lbnQvZndqdUx1aGhHMzg  
 
[debug] [2018-08-31T15:29:09.752Z] <<< HTTP RESPONSE 200
[debug] [2018-08-31T15:29:11.753Z] >>> HTTP REQUEST GET https://cloudfunctions.googleapis.com/v1/operations/ZGV0cm9pdC1hc3Npc3RhbnQtOGI4N2EvdXMtY2VudHJhbDEvZGlhbG9nZmxvd0ZpcmViYXNlRnVsZmlsbG1lbnQvZndqdUx1aGhHMzg  
 
[debug] [2018-08-31T15:29:11.888Z] <<< HTTP RESPONSE 200
[debug] [2018-08-31T15:29:13.888Z] >>> HTTP REQUEST GET https://cloudfunctions.googleapis.com/v1/operations/ZGV0cm9pdC1hc3Npc3RhbnQtOGI4N2EvdXMtY2VudHJhbDEvZGlhbG9nZmxvd0ZpcmViYXNlRnVsZmlsbG1lbnQvZndqdUx1aGhHMzg  
 
[debug] [2018-08-31T15:29:14.024Z] <<< HTTP RESPONSE 200
[debug] [2018-08-31T15:29:16.025Z] >>> HTTP REQUEST GET https://cloudfunctions.googleapis.com/v1/operations/ZGV0cm9pdC1hc3Npc3RhbnQtOGI4N2EvdXMtY2VudHJhbDEvZGlhbG9nZmxvd0ZpcmViYXNlRnVsZmlsbG1lbnQvZndqdUx1aGhHMzg  
 
[debug] [2018-08-31T15:29:16.158Z] <<< HTTP RESPONSE 200
[debug] [2018-08-31T15:29:18.163Z] >>> HTTP REQUEST GET https://cloudfunctions.googleapis.com/v1/operations/ZGV0cm9pdC1hc3Npc3RhbnQtOGI4N2EvdXMtY2VudHJhbDEvZGlhbG9nZmxvd0ZpcmViYXNlRnVsZmlsbG1lbnQvZndqdUx1aGhHMzg  
 
[debug] [2018-08-31T15:29:18.308Z] <<< HTTP RESPONSE 200
[debug] [2018-08-31T15:29:20.309Z] >>> HTTP REQUEST GET https://cloudfunctions.googleapis.com/v1/operations/ZGV0cm9pdC1hc3Npc3RhbnQtOGI4N2EvdXMtY2VudHJhbDEvZGlhbG9nZmxvd0ZpcmViYXNlRnVsZmlsbG1lbnQvZndqdUx1aGhHMzg  
 
[debug] [2018-08-31T15:29:20.438Z] <<< HTTP RESPONSE 200
[debug] [2018-08-31T15:29:22.439Z] >>> HTTP REQUEST GET https://cloudfunctions.googleapis.com/v1/operations/ZGV0cm9pdC1hc3Npc3RhbnQtOGI4N2EvdXMtY2VudHJhbDEvZGlhbG9nZmxvd0ZpcmViYXNlRnVsZmlsbG1lbnQvZndqdUx1aGhHMzg  
 
[debug] [2018-08-31T15:29:22.576Z] <<< HTTP RESPONSE 200
[debug] [2018-08-31T15:29:24.581Z] >>> HTTP REQUEST GET https://cloudfunctions.googleapis.com/v1/operations/ZGV0cm9pdC1hc3Npc3RhbnQtOGI4N2EvdXMtY2VudHJhbDEvZGlhbG9nZmxvd0ZpcmViYXNlRnVsZmlsbG1lbnQvZndqdUx1aGhHMzg  
 
[debug] [2018-08-31T15:29:24.719Z] <<< HTTP RESPONSE 200
[debug] [2018-08-31T15:29:26.720Z] >>> HTTP REQUEST GET https://cloudfunctions.googleapis.com/v1/operations/ZGV0cm9pdC1hc3Npc3RhbnQtOGI4N2EvdXMtY2VudHJhbDEvZGlhbG9nZmxvd0ZpcmViYXNlRnVsZmlsbG1lbnQvZndqdUx1aGhHMzg  
 
[debug] [2018-08-31T15:29:26.859Z] <<< HTTP RESPONSE 200
[debug] [2018-08-31T15:29:28.862Z] >>> HTTP REQUEST GET https://cloudfunctions.googleapis.com/v1/operations/ZGV0cm9pdC1hc3Npc3RhbnQtOGI4N2EvdXMtY2VudHJhbDEvZGlhbG9nZmxvd0ZpcmViYXNlRnVsZmlsbG1lbnQvZndqdUx1aGhHMzg  
 
[debug] [2018-08-31T15:29:28.988Z] <<< HTTP RESPONSE 200
[debug] [2018-08-31T15:29:30.990Z] >>> HTTP REQUEST GET https://cloudfunctions.googleapis.com/v1/operations/ZGV0cm9pdC1hc3Npc3RhbnQtOGI4N2EvdXMtY2VudHJhbDEvZGlhbG9nZmxvd0ZpcmViYXNlRnVsZmlsbG1lbnQvZndqdUx1aGhHMzg  
 
[debug] [2018-08-31T15:29:31.134Z] <<< HTTP RESPONSE 200
[debug] [2018-08-31T15:29:33.140Z] >>> HTTP REQUEST GET https://cloudfunctions.googleapis.com/v1/operations/ZGV0cm9pdC1hc3Npc3RhbnQtOGI4N2EvdXMtY2VudHJhbDEvZGlhbG9nZmxvd0ZpcmViYXNlRnVsZmlsbG1lbnQvZndqdUx1aGhHMzg  
 
[debug] [2018-08-31T15:29:33.278Z] <<< HTTP RESPONSE 200
[debug] [2018-08-31T15:29:35.282Z] >>> HTTP REQUEST GET https://cloudfunctions.googleapis.com/v1/operations/ZGV0cm9pdC1hc3Npc3RhbnQtOGI4N2EvdXMtY2VudHJhbDEvZGlhbG9nZmxvd0ZpcmViYXNlRnVsZmlsbG1lbnQvZndqdUx1aGhHMzg  
 
[debug] [2018-08-31T15:29:35.433Z] <<< HTTP RESPONSE 200
[debug] [2018-08-31T15:29:37.436Z] >>> HTTP REQUEST GET https://cloudfunctions.googleapis.com/v1/operations/ZGV0cm9pdC1hc3Npc3RhbnQtOGI4N2EvdXMtY2VudHJhbDEvZGlhbG9nZmxvd0ZpcmViYXNlRnVsZmlsbG1lbnQvZndqdUx1aGhHMzg  
 
[debug] [2018-08-31T15:29:37.573Z] <<< HTTP RESPONSE 200
[debug] [2018-08-31T15:29:39.575Z] >>> HTTP REQUEST GET https://cloudfunctions.googleapis.com/v1/operations/ZGV0cm9pdC1hc3Npc3RhbnQtOGI4N2EvdXMtY2VudHJhbDEvZGlhbG9nZmxvd0ZpcmViYXNlRnVsZmlsbG1lbnQvZndqdUx1aGhHMzg  
 
[debug] [2018-08-31T15:29:39.708Z] <<< HTTP RESPONSE 200
[debug] [2018-08-31T15:29:41.714Z] >>> HTTP REQUEST GET https://cloudfunctions.googleapis.com/v1/operations/ZGV0cm9pdC1hc3Npc3RhbnQtOGI4N2EvdXMtY2VudHJhbDEvZGlhbG9nZmxvd0ZpcmViYXNlRnVsZmlsbG1lbnQvZndqdUx1aGhHMzg  
 
[debug] [2018-08-31T15:29:41.840Z] <<< HTTP RESPONSE 200
[debug] [2018-08-31T15:29:43.842Z] >>> HTTP REQUEST GET https://cloudfunctions.googleapis.com/v1/operations/ZGV0cm9pdC1hc3Npc3RhbnQtOGI4N2EvdXMtY2VudHJhbDEvZGlhbG9nZmxvd0ZpcmViYXNlRnVsZmlsbG1lbnQvZndqdUx1aGhHMzg  
 
[debug] [2018-08-31T15:29:43.987Z] <<< HTTP RESPONSE 200
[debug] [2018-08-31T15:29:45.992Z] >>> HTTP REQUEST GET https://cloudfunctions.googleapis.com/v1/operations/ZGV0cm9pdC1hc3Npc3RhbnQtOGI4N2EvdXMtY2VudHJhbDEvZGlhbG9nZmxvd0ZpcmViYXNlRnVsZmlsbG1lbnQvZndqdUx1aGhHMzg  
 
[debug] [2018-08-31T15:29:46.147Z] <<< HTTP RESPONSE 200
[debug] [2018-08-31T15:29:48.152Z] >>> HTTP REQUEST GET https://cloudfunctions.googleapis.com/v1/operations/ZGV0cm9pdC1hc3Npc3RhbnQtOGI4N2EvdXMtY2VudHJhbDEvZGlhbG9nZmxvd0ZpcmViYXNlRnVsZmlsbG1lbnQvZndqdUx1aGhHMzg  
 
[debug] [2018-08-31T15:29:48.280Z] <<< HTTP RESPONSE 200
[debug] [2018-08-31T15:29:50.286Z] >>> HTTP REQUEST GET https://cloudfunctions.googleapis.com/v1/operations/ZGV0cm9pdC1hc3Npc3RhbnQtOGI4N2EvdXMtY2VudHJhbDEvZGlhbG9nZmxvd0ZpcmViYXNlRnVsZmlsbG1lbnQvZndqdUx1aGhHMzg  
 
[debug] [2018-08-31T15:29:50.428Z] <<< HTTP RESPONSE 200
[debug] [2018-08-31T15:29:52.430Z] >>> HTTP REQUEST GET https://cloudfunctions.googleapis.com/v1/operations/ZGV0cm9pdC1hc3Npc3RhbnQtOGI4N2EvdXMtY2VudHJhbDEvZGlhbG9nZmxvd0ZpcmViYXNlRnVsZmlsbG1lbnQvZndqdUx1aGhHMzg  
 
[debug] [2018-08-31T15:29:52.576Z] <<< HTTP RESPONSE 200
[debug] [2018-08-31T15:29:54.582Z] >>> HTTP REQUEST GET https://cloudfunctions.googleapis.com/v1/operations/ZGV0cm9pdC1hc3Npc3RhbnQtOGI4N2EvdXMtY2VudHJhbDEvZGlhbG9nZmxvd0ZpcmViYXNlRnVsZmlsbG1lbnQvZndqdUx1aGhHMzg  
 
[debug] [2018-08-31T15:29:54.702Z] <<< HTTP RESPONSE 200
[debug] [2018-08-31T15:29:56.708Z] >>> HTTP REQUEST GET https://cloudfunctions.googleapis.com/v1/operations/ZGV0cm9pdC1hc3Npc3RhbnQtOGI4N2EvdXMtY2VudHJhbDEvZGlhbG9nZmxvd0ZpcmViYXNlRnVsZmlsbG1lbnQvZndqdUx1aGhHMzg  
 
[debug] [2018-08-31T15:29:56.850Z] <<< HTTP RESPONSE 200
[debug] [2018-08-31T15:29:58.851Z] >>> HTTP REQUEST GET https://cloudfunctions.googleapis.com/v1/operations/ZGV0cm9pdC1hc3Npc3RhbnQtOGI4N2EvdXMtY2VudHJhbDEvZGlhbG9nZmxvd0ZpcmViYXNlRnVsZmlsbG1lbnQvZndqdUx1aGhHMzg  
 
[debug] [2018-08-31T15:29:59.002Z] <<< HTTP RESPONSE 200
[debug] [2018-08-31T15:30:01.003Z] >>> HTTP REQUEST GET https://cloudfunctions.googleapis.com/v1/operations/ZGV0cm9pdC1hc3Npc3RhbnQtOGI4N2EvdXMtY2VudHJhbDEvZGlhbG9nZmxvd0ZpcmViYXNlRnVsZmlsbG1lbnQvZndqdUx1aGhHMzg  
 
[debug] [2018-08-31T15:30:01.143Z] <<< HTTP RESPONSE 200
[debug] [2018-08-31T15:30:03.145Z] >>> HTTP REQUEST GET https://cloudfunctions.googleapis.com/v1/operations/ZGV0cm9pdC1hc3Npc3RhbnQtOGI4N2EvdXMtY2VudHJhbDEvZGlhbG9nZmxvd0ZpcmViYXNlRnVsZmlsbG1lbnQvZndqdUx1aGhHMzg  
 
[debug] [2018-08-31T15:30:03.279Z] <<< HTTP RESPONSE 200
[debug] [2018-08-31T15:30:05.284Z] >>> HTTP REQUEST GET https://cloudfunctions.googleapis.com/v1/operations/ZGV0cm9pdC1hc3Npc3RhbnQtOGI4N2EvdXMtY2VudHJhbDEvZGlhbG9nZmxvd0ZpcmViYXNlRnVsZmlsbG1lbnQvZndqdUx1aGhHMzg  
 
[debug] [2018-08-31T15:30:05.440Z] <<< HTTP RESPONSE 200
[debug] [2018-08-31T15:30:07.445Z] >>> HTTP REQUEST GET https://cloudfunctions.googleapis.com/v1/operations/ZGV0cm9pdC1hc3Npc3RhbnQtOGI4N2EvdXMtY2VudHJhbDEvZGlhbG9nZmxvd0ZpcmViYXNlRnVsZmlsbG1lbnQvZndqdUx1aGhHMzg  
 
[debug] [2018-08-31T15:30:07.582Z] <<< HTTP RESPONSE 200
[debug] [2018-08-31T15:30:09.582Z] >>> HTTP REQUEST GET https://cloudfunctions.googleapis.com/v1/operations/ZGV0cm9pdC1hc3Npc3RhbnQtOGI4N2EvdXMtY2VudHJhbDEvZGlhbG9nZmxvd0ZpcmViYXNlRnVsZmlsbG1lbnQvZndqdUx1aGhHMzg  
 
[debug] [2018-08-31T15:30:09.719Z] <<< HTTP RESPONSE 200
[debug] [2018-08-31T15:30:11.722Z] >>> HTTP REQUEST GET https://cloudfunctions.googleapis.com/v1/operations/ZGV0cm9pdC1hc3Npc3RhbnQtOGI4N2EvdXMtY2VudHJhbDEvZGlhbG9nZmxvd0ZpcmViYXNlRnVsZmlsbG1lbnQvZndqdUx1aGhHMzg  
 
[debug] [2018-08-31T15:30:11.913Z] <<< HTTP RESPONSE 200
[debug] [2018-08-31T15:30:13.914Z] >>> HTTP REQUEST GET https://cloudfunctions.googleapis.com/v1/operations/ZGV0cm9pdC1hc3Npc3RhbnQtOGI4N2EvdXMtY2VudHJhbDEvZGlhbG9nZmxvd0ZpcmViYXNlRnVsZmlsbG1lbnQvZndqdUx1aGhHMzg  
 
[debug] [2018-08-31T15:30:14.105Z] <<< HTTP RESPONSE 200
[debug] [2018-08-31T15:30:16.108Z] >>> HTTP REQUEST GET https://cloudfunctions.googleapis.com/v1/operations/ZGV0cm9pdC1hc3Npc3RhbnQtOGI4N2EvdXMtY2VudHJhbDEvZGlhbG9nZmxvd0ZpcmViYXNlRnVsZmlsbG1lbnQvZndqdUx1aGhHMzg  
 
[debug] [2018-08-31T15:30:16.236Z] <<< HTTP RESPONSE 200
[debug] [2018-08-31T15:30:18.242Z] >>> HTTP REQUEST GET https://cloudfunctions.googleapis.com/v1/operations/ZGV0cm9pdC1hc3Npc3RhbnQtOGI4N2EvdXMtY2VudHJhbDEvZGlhbG9nZmxvd0ZpcmViYXNlRnVsZmlsbG1lbnQvZndqdUx1aGhHMzg  
 
[debug] [2018-08-31T15:30:18.389Z] <<< HTTP RESPONSE 200
[debug] [2018-08-31T15:30:20.394Z] >>> HTTP REQUEST GET https://cloudfunctions.googleapis.com/v1/operations/ZGV0cm9pdC1hc3Npc3RhbnQtOGI4N2EvdXMtY2VudHJhbDEvZGlhbG9nZmxvd0ZpcmViYXNlRnVsZmlsbG1lbnQvZndqdUx1aGhHMzg  
 
[debug] [2018-08-31T15:30:20.531Z] <<< HTTP RESPONSE 200
[debug] [2018-08-31T15:30:22.532Z] >>> HTTP REQUEST GET https://cloudfunctions.googleapis.com/v1/operations/ZGV0cm9pdC1hc3Npc3RhbnQtOGI4N2EvdXMtY2VudHJhbDEvZGlhbG9nZmxvd0ZpcmViYXNlRnVsZmlsbG1lbnQvZndqdUx1aGhHMzg  
 
[debug] [2018-08-31T15:30:22.651Z] <<< HTTP RESPONSE 200
[debug] [2018-08-31T15:30:24.657Z] >>> HTTP REQUEST GET https://cloudfunctions.googleapis.com/v1/operations/ZGV0cm9pdC1hc3Npc3RhbnQtOGI4N2EvdXMtY2VudHJhbDEvZGlhbG9nZmxvd0ZpcmViYXNlRnVsZmlsbG1lbnQvZndqdUx1aGhHMzg  
 
[debug] [2018-08-31T15:30:24.782Z] <<< HTTP RESPONSE 200
[debug] [2018-08-31T15:30:26.783Z] >>> HTTP REQUEST GET https://cloudfunctions.googleapis.com/v1/operations/ZGV0cm9pdC1hc3Npc3RhbnQtOGI4N2EvdXMtY2VudHJhbDEvZGlhbG9nZmxvd0ZpcmViYXNlRnVsZmlsbG1lbnQvZndqdUx1aGhHMzg  
 
[debug] [2018-08-31T15:30:26.914Z] <<< HTTP RESPONSE 200
[debug] [2018-08-31T15:30:28.916Z] >>> HTTP REQUEST GET https://cloudfunctions.googleapis.com/v1/operations/ZGV0cm9pdC1hc3Npc3RhbnQtOGI4N2EvdXMtY2VudHJhbDEvZGlhbG9nZmxvd0ZpcmViYXNlRnVsZmlsbG1lbnQvZndqdUx1aGhHMzg  
 
[debug] [2018-08-31T15:30:29.057Z] <<< HTTP RESPONSE 200
[debug] [2018-08-31T15:30:31.060Z] >>> HTTP REQUEST GET https://cloudfunctions.googleapis.com/v1/operations/ZGV0cm9pdC1hc3Npc3RhbnQtOGI4N2EvdXMtY2VudHJhbDEvZGlhbG9nZmxvd0ZpcmViYXNlRnVsZmlsbG1lbnQvZndqdUx1aGhHMzg  
 
[debug] [2018-08-31T15:30:31.180Z] <<< HTTP RESPONSE 200
[debug] [2018-08-31T15:30:33.184Z] >>> HTTP REQUEST GET https://cloudfunctions.googleapis.com/v1/operations/ZGV0cm9pdC1hc3Npc3RhbnQtOGI4N2EvdXMtY2VudHJhbDEvZGlhbG9nZmxvd0ZpcmViYXNlRnVsZmlsbG1lbnQvZndqdUx1aGhHMzg  
 
[debug] [2018-08-31T15:30:33.311Z] <<< HTTP RESPONSE 200
[debug] [2018-08-31T15:30:35.315Z] >>> HTTP REQUEST GET https://cloudfunctions.googleapis.com/v1/operations/ZGV0cm9pdC1hc3Npc3RhbnQtOGI4N2EvdXMtY2VudHJhbDEvZGlhbG9nZmxvd0ZpcmViYXNlRnVsZmlsbG1lbnQvZndqdUx1aGhHMzg  
 
[debug] [2018-08-31T15:30:35.448Z] <<< HTTP RESPONSE 200
[debug] [2018-08-31T15:30:37.451Z] >>> HTTP REQUEST GET https://cloudfunctions.googleapis.com/v1/operations/ZGV0cm9pdC1hc3Npc3RhbnQtOGI4N2EvdXMtY2VudHJhbDEvZGlhbG9nZmxvd0ZpcmViYXNlRnVsZmlsbG1lbnQvZndqdUx1aGhHMzg  
 
[debug] [2018-08-31T15:30:37.594Z] <<< HTTP RESPONSE 200
[debug] [2018-08-31T15:30:39.599Z] >>> HTTP REQUEST GET https://cloudfunctions.googleapis.com/v1/operations/ZGV0cm9pdC1hc3Npc3RhbnQtOGI4N2EvdXMtY2VudHJhbDEvZGlhbG9nZmxvd0ZpcmViYXNlRnVsZmlsbG1lbnQvZndqdUx1aGhHMzg  
 
[debug] [2018-08-31T15:30:39.751Z] <<< HTTP RESPONSE 200
[debug] [2018-08-31T15:30:41.751Z] >>> HTTP REQUEST GET https://cloudfunctions.googleapis.com/v1/operations/ZGV0cm9pdC1hc3Npc3RhbnQtOGI4N2EvdXMtY2VudHJhbDEvZGlhbG9nZmxvd0ZpcmViYXNlRnVsZmlsbG1lbnQvZndqdUx1aGhHMzg  
 
[debug] [2018-08-31T15:30:41.893Z] <<< HTTP RESPONSE 200
[debug] [2018-08-31T15:30:43.898Z] >>> HTTP REQUEST GET https://cloudfunctions.googleapis.com/v1/operations/ZGV0cm9pdC1hc3Npc3RhbnQtOGI4N2EvdXMtY2VudHJhbDEvZGlhbG9nZmxvd0ZpcmViYXNlRnVsZmlsbG1lbnQvZndqdUx1aGhHMzg  
 
[debug] [2018-08-31T15:30:44.038Z] <<< HTTP RESPONSE 200
[debug] [2018-08-31T15:30:46.040Z] >>> HTTP REQUEST GET https://cloudfunctions.googleapis.com/v1/operations/ZGV0cm9pdC1hc3Npc3RhbnQtOGI4N2EvdXMtY2VudHJhbDEvZGlhbG9nZmxvd0ZpcmViYXNlRnVsZmlsbG1lbnQvZndqdUx1aGhHMzg  
 
[debug] [2018-08-31T15:30:46.191Z] <<< HTTP RESPONSE 200
[debug] [2018-08-31T15:30:48.193Z] >>> HTTP REQUEST GET https://cloudfunctions.googleapis.com/v1/operations/ZGV0cm9pdC1hc3Npc3RhbnQtOGI4N2EvdXMtY2VudHJhbDEvZGlhbG9nZmxvd0ZpcmViYXNlRnVsZmlsbG1lbnQvZndqdUx1aGhHMzg  
 
[debug] [2018-08-31T15:30:48.333Z] <<< HTTP RESPONSE 200
[debug] [2018-08-31T15:30:50.337Z] >>> HTTP REQUEST GET https://cloudfunctions.googleapis.com/v1/operations/ZGV0cm9pdC1hc3Npc3RhbnQtOGI4N2EvdXMtY2VudHJhbDEvZGlhbG9nZmxvd0ZpcmViYXNlRnVsZmlsbG1lbnQvZndqdUx1aGhHMzg  
 
[debug] [2018-08-31T15:30:50.489Z] <<< HTTP RESPONSE 200
[debug] [2018-08-31T15:30:52.495Z] >>> HTTP REQUEST GET https://cloudfunctions.googleapis.com/v1/operations/ZGV0cm9pdC1hc3Npc3RhbnQtOGI4N2EvdXMtY2VudHJhbDEvZGlhbG9nZmxvd0ZpcmViYXNlRnVsZmlsbG1lbnQvZndqdUx1aGhHMzg  
 
[debug] [2018-08-31T15:30:52.661Z] <<< HTTP RESPONSE 200
[debug] [2018-08-31T15:30:54.664Z] >>> HTTP REQUEST GET https://cloudfunctions.googleapis.com/v1/operations/ZGV0cm9pdC1hc3Npc3RhbnQtOGI4N2EvdXMtY2VudHJhbDEvZGlhbG9nZmxvd0ZpcmViYXNlRnVsZmlsbG1lbnQvZndqdUx1aGhHMzg  
 
[debug] [2018-08-31T15:30:54.780Z] <<< HTTP RESPONSE 200
[debug] [2018-08-31T15:30:56.782Z] >>> HTTP REQUEST GET https://cloudfunctions.googleapis.com/v1/operations/ZGV0cm9pdC1hc3Npc3RhbnQtOGI4N2EvdXMtY2VudHJhbDEvZGlhbG9nZmxvd0ZpcmViYXNlRnVsZmlsbG1lbnQvZndqdUx1aGhHMzg  
 
[debug] [2018-08-31T15:30:56.911Z] <<< HTTP RESPONSE 200
[debug] [2018-08-31T15:30:58.914Z] >>> HTTP REQUEST GET https://cloudfunctions.googleapis.com/v1/operations/ZGV0cm9pdC1hc3Npc3RhbnQtOGI4N2EvdXMtY2VudHJhbDEvZGlhbG9nZmxvd0ZpcmViYXNlRnVsZmlsbG1lbnQvZndqdUx1aGhHMzg  
 
[debug] [2018-08-31T15:30:59.033Z] <<< HTTP RESPONSE 200
[debug] [2018-08-31T15:31:01.036Z] >>> HTTP REQUEST GET https://cloudfunctions.googleapis.com/v1/operations/ZGV0cm9pdC1hc3Npc3RhbnQtOGI4N2EvdXMtY2VudHJhbDEvZGlhbG9nZmxvd0ZpcmViYXNlRnVsZmlsbG1lbnQvZndqdUx1aGhHMzg  
 
[debug] [2018-08-31T15:31:01.175Z] <<< HTTP RESPONSE 200
[debug] [2018-08-31T15:31:03.178Z] >>> HTTP REQUEST GET https://cloudfunctions.googleapis.com/v1/operations/ZGV0cm9pdC1hc3Npc3RhbnQtOGI4N2EvdXMtY2VudHJhbDEvZGlhbG9nZmxvd0ZpcmViYXNlRnVsZmlsbG1lbnQvZndqdUx1aGhHMzg  
 
[debug] [2018-08-31T15:31:03.299Z] <<< HTTP RESPONSE 200
[debug] [2018-08-31T15:31:05.304Z] >>> HTTP REQUEST GET https://cloudfunctions.googleapis.com/v1/operations/ZGV0cm9pdC1hc3Npc3RhbnQtOGI4N2EvdXMtY2VudHJhbDEvZGlhbG9nZmxvd0ZpcmViYXNlRnVsZmlsbG1lbnQvZndqdUx1aGhHMzg  
 
[debug] [2018-08-31T15:31:05.440Z] <<< HTTP RESPONSE 200
[debug] [2018-08-31T15:31:07.443Z] >>> HTTP REQUEST GET https://cloudfunctions.googleapis.com/v1/operations/ZGV0cm9pdC1hc3Npc3RhbnQtOGI4N2EvdXMtY2VudHJhbDEvZGlhbG9nZmxvd0ZpcmViYXNlRnVsZmlsbG1lbnQvZndqdUx1aGhHMzg  
 
[debug] [2018-08-31T15:31:07.592Z] <<< HTTP RESPONSE 200
[debug] [2018-08-31T15:31:09.596Z] >>> HTTP REQUEST GET https://cloudfunctions.googleapis.com/v1/operations/ZGV0cm9pdC1hc3Npc3RhbnQtOGI4N2EvdXMtY2VudHJhbDEvZGlhbG9nZmxvd0ZpcmViYXNlRnVsZmlsbG1lbnQvZndqdUx1aGhHMzg  
 
[debug] [2018-08-31T15:31:09.749Z] <<< HTTP RESPONSE 200
[debug] [2018-08-31T15:31:11.750Z] >>> HTTP REQUEST GET https://cloudfunctions.googleapis.com/v1/operations/ZGV0cm9pdC1hc3Npc3RhbnQtOGI4N2EvdXMtY2VudHJhbDEvZGlhbG9nZmxvd0ZpcmViYXNlRnVsZmlsbG1lbnQvZndqdUx1aGhHMzg  
 
[debug] [2018-08-31T15:31:11.883Z] <<< HTTP RESPONSE 200
